#
# There is insufficient memory for the Java Runtime Environment to continue.
# Native memory allocation (mmap) failed to map 268435456 bytes for G1 virtual space
# Possible reasons:
#   The system is out of physical RAM or swap space
#   The process is running with CompressedOops enabled, and the Java Heap may be blocking the growth of the native heap
# Possible solutions:
#   Reduce memory load on the system
#   Increase physical memory or swap space
#   Check if swap backing store is full
#   Decrease Java heap size (-Xmx/-Xms)
#   Decrease number of Java threads
#   Decrease Java thread stack sizes (-Xss)
#   Set larger code cache with -XX:ReservedCodeCacheSize=
#   JVM is running with Zero Based Compressed Oops mode in which the Java heap is
#     placed in the first 32GB address space. The Java Heap base address is the
#     maximum limit for the native heap growth. Please use -XX:HeapBaseMinAddress
#     to set the Java Heap base and to place the Java Heap above 32GB virtual address.
# This output file may be truncated or incomplete.
#
#  Out of Memory Error (os_windows.cpp:3527), pid=6688, tid=14300
#
# JRE version:  (19.0.1+10) (build )
# Java VM: Java HotSpot(TM) 64-Bit Server VM (19.0.1+10-21, mixed mode, sharing, tiered, compressed oops, compressed class ptrs, g1 gc, windows-amd64)
# No core dump will be written. Minidumps are not enabled by default on client versions of Windows
#

---------------  S U M M A R Y ------------

Command Line: -Dmaven.multiModuleProjectDirectory=C:\Users\kosovito\IdeaProjects\springboot-msvc-docker-kubernetes\msvc-cursos org.apache.maven.wrapper.MavenWrapperMain clean package

Host: Intel(R) Core(TM) i5-4460  CPU @ 3.20GHz, 4 cores, 15G,  Windows 10 , 64 bit Build 19041 (10.0.19041.2364)
Time: Wed Jan 18 20:38:31 2023 Hora estándar romance elapsed time: 0.013597 seconds (0d 0h 0m 0s)

---------------  T H R E A D  ---------------

Current thread (0x000001d07891ceb0):  JavaThread "Unknown thread" [_thread_in_vm, id=14300, stack(0x0000005534e00000,0x0000005534f00000)]

Stack: [0x0000005534e00000,0x0000005534f00000]
Native frames: (J=compiled Java code, j=interpreted, Vv=VM code, C=native code)
V  [jvm.dll+0x6ee8fa]
V  [jvm.dll+0x857a1e]
V  [jvm.dll+0x85940e]
V  [jvm.dll+0x859ac3]
V  [jvm.dll+0x28291f]
V  [jvm.dll+0x6eb6e9]
V  [jvm.dll+0x6e028a]
V  [jvm.dll+0x357136]
V  [jvm.dll+0x35eb96]
V  [jvm.dll+0x3b555e]
V  [jvm.dll+0x3b578f]
V  [jvm.dll+0x32c6ea]
V  [jvm.dll+0x32d59e]
V  [jvm.dll+0x821b20]
V  [jvm.dll+0x3c27c1]
V  [jvm.dll+0x8022f1]
V  [jvm.dll+0x44b30f]
V  [jvm.dll+0x44cc91]
C  [jli.dll+0x5287]
C  [ucrtbase.dll+0x21bb2]
C  [KERNEL32.DLL+0x17614]
C  [ntdll.dll+0x526a1]


---------------  P R O C E S S  ---------------

Threads class SMR info:
_java_thread_list=0x00007fffbad0d048, length=0, elements={
}

Java Threads: ( => current thread )

Other Threads:
  0x000001d07898b560 WorkerThread "GC Thread#0" [stack: 0x0000005534f00000,0x0000005535000000] [id=4668]
  0x000001d07899c4e0 ConcurrentGCThread "G1 Main Marker" [stack: 0x0000005535000000,0x0000005535100000] [id=6364]
  0x000001d07899e6c0 WorkerThread "G1 Conc#0" [stack: 0x0000005535100000,0x0000005535200000] [id=13176]

[error occurred during error reporting (printing all threads), id 0xc0000005, EXCEPTION_ACCESS_VIOLATION (0xc0000005) at pc=0x00007fffba4cd127]

VM state: not at safepoint (not fully initialized)

VM Mutex/Monitor currently owned by a thread:  ([mutex/lock_event])
[0x000001d078919e70] Heap_lock - owner thread: 0x000001d07891ceb0

Heap address: 0x0000000701800000, size: 4072 MB, Compressed Oops mode: Zero based, Oop shift amount: 3

CDS archive(s) mapped at: [0x0000000000000000-0x0000000000000000-0x0000000000000000), size 0, SharedBaseAddress: 0x0000000800000000, ArchiveRelocationMode: 0.
Narrow klass base: 0x0000000000000000, Narrow klass shift: 0, Narrow klass range: 0x0

GC Precious Log:
 CardTable entry size: 512
 Card Set container configuration: InlinePtr #cards 4 size 8 Array Of Cards #cards 16 size 48 Howl #buckets 8 coarsen threshold 3686 Howl Bitmap #cards 512 size 80 coarsen threshold 460 Card regions per heap region 1 cards per card region 4096

Heap:
 garbage-first heap   total 0K, used 0K [0x0000000701800000, 0x0000000800000000)
  region size 2048K, 0 young (0K), 0 survivors (0K)

[error occurred during error reporting (printing heap information), id 0xc0000005, EXCEPTION_ACCESS_VIOLATION (0xc0000005) at pc=0x00007fffba8d6959]

GC Heap History (0 events):
No events

Dll operation events (1 events):
Event: 0.007 Loaded shared library C:\Program Files\Java\jdk-19\bin\java.dll

Deoptimization events (0 events):
No events

Classes loaded (0 events):
No events

Classes unloaded (0 events):
No events

Classes redefined (0 events):
No events

Internal exceptions (0 events):
No events

VM Operations (0 events):
No events

Events (0 events):
No events


Dynamic libraries:
0x00007ff71c1b0000 - 0x00007ff71c1c0000 	C:\Program Files\Java\jdk-19\bin\java.exe
0x00007ffff1690000 - 0x00007ffff1888000 	C:\WINDOWS\SYSTEM32\ntdll.dll
0x00007ffff07f0000 - 0x00007ffff08af000 	C:\WINDOWS\System32\KERNEL32.DLL
0x00007fffeed80000 - 0x00007fffef052000 	C:\WINDOWS\System32\KERNELBASE.dll
0x00007fffef1f0000 - 0x00007fffef2f0000 	C:\WINDOWS\System32\ucrtbase.dll
0x00007fffea940000 - 0x00007fffea958000 	C:\Program Files\Java\jdk-19\bin\jli.dll
0x00007fffef7e0000 - 0x00007fffef88e000 	C:\WINDOWS\System32\ADVAPI32.dll
0x00007ffff04a0000 - 0x00007ffff053e000 	C:\WINDOWS\System32\msvcrt.dll
0x00007ffff0540000 - 0x00007ffff05dc000 	C:\WINDOWS\System32\sechost.dll
0x00007ffff0310000 - 0x00007ffff0435000 	C:\WINDOWS\System32\RPCRT4.dll
0x00007fffef940000 - 0x00007fffefae1000 	C:\WINDOWS\System32\USER32.dll
0x00007fffef6a0000 - 0x00007fffef6c2000 	C:\WINDOWS\System32\win32u.dll
0x00007ffff1440000 - 0x00007ffff146b000 	C:\WINDOWS\System32\GDI32.dll
0x00007fffea910000 - 0x00007fffea92b000 	C:\Program Files\Java\jdk-19\bin\VCRUNTIME140.dll
0x00007fffef560000 - 0x00007fffef66f000 	C:\WINDOWS\System32\gdi32full.dll
0x00007fffef2f0000 - 0x00007fffef38d000 	C:\WINDOWS\System32\msvcp_win.dll
0x00007fffdce60000 - 0x00007fffdd0fa000 	C:\WINDOWS\WinSxS\amd64_microsoft.windows.common-controls_6595b64144ccf1df_6.0.19041.1110_none_60b5254171f9507e\COMCTL32.dll
0x00007fffe4830000 - 0x00007fffe483a000 	C:\WINDOWS\SYSTEM32\VERSION.dll
0x00007ffff1610000 - 0x00007ffff1642000 	C:\WINDOWS\System32\IMM32.DLL
0x00007fffea900000 - 0x00007fffea90c000 	C:\Program Files\Java\jdk-19\bin\vcruntime140_1.dll
0x00007fffdd8b0000 - 0x00007fffdd93e000 	C:\Program Files\Java\jdk-19\bin\msvcp140.dll
0x00007fffba190000 - 0x00007fffbae50000 	C:\Program Files\Java\jdk-19\bin\server\jvm.dll
0x00007fffd8c40000 - 0x00007fffd8c49000 	C:\WINDOWS\SYSTEM32\WSOCK32.dll
0x00007fffcbcb0000 - 0x00007fffcbcd7000 	C:\WINDOWS\SYSTEM32\WINMM.dll
0x00007ffff06b0000 - 0x00007ffff071b000 	C:\WINDOWS\System32\WS2_32.dll
0x00007fffecc20000 - 0x00007fffecc32000 	C:\WINDOWS\SYSTEM32\kernel.appcore.dll
0x00007fffea8f0000 - 0x00007fffea8fa000 	C:\Program Files\Java\jdk-19\bin\jimage.dll
0x00007fffdc710000 - 0x00007fffdc8f4000 	C:\WINDOWS\SYSTEM32\DBGHELP.DLL
0x00007fffdc650000 - 0x00007fffdc685000 	C:\WINDOWS\SYSTEM32\dbgcore.DLL
0x00007fffef060000 - 0x00007fffef0e2000 	C:\WINDOWS\System32\bcryptPrimitives.dll
0x00007fffea2f0000 - 0x00007fffea316000 	C:\Program Files\Java\jdk-19\bin\java.dll

dbghelp: loaded successfully - version: 4.0.5 - missing functions: none
symbol engine: initialized successfully - sym options: 0x614 - pdb path: .;C:\Program Files\Java\jdk-19\bin;C:\WINDOWS\SYSTEM32;C:\WINDOWS\WinSxS\amd64_microsoft.windows.common-controls_6595b64144ccf1df_6.0.19041.1110_none_60b5254171f9507e;C:\Program Files\Java\jdk-19\bin\server

VM Arguments:
jvm_args: -Dmaven.multiModuleProjectDirectory=C:\Users\kosovito\IdeaProjects\springboot-msvc-docker-kubernetes\msvc-cursos 
java_command: org.apache.maven.wrapper.MavenWrapperMain clean package
java_class_path (initial): C:\Users\kosovito\IdeaProjects\springboot-msvc-docker-kubernetes\msvc-cursos\.mvn\wrapper\maven-wrapper.jar
Launcher Type: SUN_STANDARD

[Global flags]
     intx CICompilerCount                          = 3                                         {product} {ergonomic}
     uint ConcGCThreads                            = 1                                         {product} {ergonomic}
     uint G1ConcRefinementThreads                  = 4                                         {product} {ergonomic}
   size_t G1HeapRegionSize                         = 2097152                                   {product} {ergonomic}
    uintx GCDrainStackTargetSize                   = 64                                        {product} {ergonomic}
   size_t InitialHeapSize                          = 268435456                                 {product} {ergonomic}
   size_t MarkStackSize                            = 4194304                                   {product} {ergonomic}
   size_t MaxHeapSize                              = 4269801472                                {product} {ergonomic}
   size_t MinHeapDeltaBytes                        = 2097152                                   {product} {ergonomic}
   size_t MinHeapSize                              = 8388608                                   {product} {ergonomic}
    uintx NonNMethodCodeHeapSize                   = 5832780                                {pd product} {ergonomic}
    uintx NonProfiledCodeHeapSize                  = 122912730                              {pd product} {ergonomic}
    uintx ProfiledCodeHeapSize                     = 122912730                              {pd product} {ergonomic}
    uintx ReservedCodeCacheSize                    = 251658240                              {pd product} {ergonomic}
     bool SegmentedCodeCache                       = true                                      {product} {ergonomic}
   size_t SoftMaxHeapSize                          = 4269801472                             {manageable} {ergonomic}
     bool UseCompressedClassPointers               = true                           {product lp64_product} {ergonomic}
     bool UseCompressedOops                        = true                           {product lp64_product} {ergonomic}
     bool UseG1GC                                  = true                                      {product} {ergonomic}
     bool UseLargePagesIndividualAllocation        = false                                  {pd product} {ergonomic}

Logging:
Log output configuration:
 #0: stdout all=warning uptime,level,tags foldmultilines=false
 #1: stderr all=off uptime,level,tags foldmultilines=false

Environment Variables:
JAVA_HOME=C:\Program Files\Java\jdk-19
PATH=C:\Program Files\Common Files\Oracle\Java\javapath;C:\ProgramData\Oracle\Java\javapath;C:\WINDOWS\system32;C:\WINDOWS;C:\WINDOWS\System32\Wbem;C:\WINDOWS\System32\WindowsPowerShell\v1.0\;C:\WINDOWS\System32\OpenSSH\;C:\Program Files\OpenVPN\bin;C:\Users\kosovito\AppData\Local\Microsoft\WindowsApps;C:\adb;C:\Program Files\Git\cmd;C:\Program Files\nodejs\;C:\Program Files\Docker\Docker\resources\bin;C:\Users\kosovito\AppData\Local\Microsoft\WindowsApps;C:\Program Files\Java\jdk-19\bin;C:\Users\kosovito\AppData\Roaming\npm
USERNAME=kosovito
OS=Windows_NT
PROCESSOR_IDENTIFIER=Intel64 Family 6 Model 60 Stepping 3, GenuineIntel
TMP=C:\temp
TEMP=C:\temp



---------------  S Y S T E M  ---------------

OS:
 Windows 10 , 64 bit Build 19041 (10.0.19041.2364)
OS uptime: 0 days 1:17 hours
Hyper-V role detected

CPU: total 4 (initial active 4) (4 cores per cpu, 1 threads per core) family 6 model 60 stepping 3 microcode 0x27, cx8, cmov, fxsr, mmx, sse, sse2, sse3, ssse3, sse4.1, sse4.2, popcnt, lzcnt, tsc, tscinvbit, avx, avx2, aes, erms, clmul, bmi1, bmi2, fma, vzeroupper, clflush, hv, rdtscp

Memory: 4k page, system-wide physical 16282M (1198M free)
TotalPageFile size 18330M (AvailPageFile size 156M)
current process WorkingSet (physical memory assigned to process): 10M, peak: 10M
current process commit charge ("private bytes"): 52M, peak: 308M

vm_info: Java HotSpot(TM) 64-Bit Server VM (19.0.1+10-21) for windows-amd64 JRE (19.0.1+10-21), built on 2022-09-14T12:45:06Z by "mach5one" with MS VC++ 17.1 (VS2022)

END.
